<?xml version="1.0" encoding="UTF-8"?>
<!-- Generated by org.testng.reporters.JUnitReportReporter -->
<testsuite hostname="LAPTOP-NE55887S" failures="0" tests="3" name="com.ecom.webapp.AmazonNavigationLink" time="56.165" errors="0" timestamp="2021-05-25T20:39:34 IST" skipped="0">
  <testcase classname="com.ecom.webapp.AmazonNavigationLink" name="mobileLinkVerification" time="21.084"/>
  <system-out/>
  <testcase classname="com.ecom.webapp.AmazonNavigationLink" name="fashionLinkVerification" time="17.740"/>
  <system-out/>
  <testcase classname="com.ecom.webapp.AmazonNavigationLink" name="electronicsLinkVerification" time="17.341"/>
  <system-out/>
</testsuite> <!-- com.ecom.webapp.AmazonNavigationLink -->
