<?xml version="1.0" encoding="UTF-8"?>
<!-- Generated by org.testng.reporters.JUnitReportReporter -->
<testsuite hostname="LAPTOP-NE55887S" failures="0" tests="6" name="com.ecom.webapp.TestNgGroupTest" time="21.345" errors="0" timestamp="2021-05-28T16:56:14 IST" skipped="0">
  <testcase classname="com.ecom.webapp.TestNgGroupTest" name="launchChromeTest" time="5.485"/>
  <system-out/>
  <testcase classname="com.ecom.webapp.TestNgGroupTest" name="launchMicrosoftEdgeTest" time="10.316"/>
  <system-out/>
  <testcase classname="com.ecom.webapp.TestNgGroupTest" name="testSimplilearnHomePageTitle" time="0.018"/>
  <system-out/>
  <testcase classname="com.ecom.webapp.TestNgGroupTest" name="testAmazonHomePage" time="0.029"/>
  <system-out/>
  <testcase classname="com.ecom.webapp.TestNgGroupTest" name="testSimplilearnSourceURL" time="0.472"/>
  <system-out/>
  <testcase classname="com.ecom.webapp.TestNgGroupTest" name="testAmazonSourceURL" time="5.025"/>
  <system-out/>
</testsuite> <!-- com.ecom.webapp.TestNgGroupTest -->
