<?xml version="1.0" encoding="UTF-8"?>
<!-- Generated by org.testng.reporters.JUnitReportReporter -->
<testsuite hostname="LAPTOP-NE55887S" failures="0" tests="2" name="com.ecom.webapp.AmazonNavigationDemo" time="31.305" errors="0" timestamp="2021-05-28T16:56:14 IST" skipped="0">
  <testcase classname="com.ecom.webapp.AmazonNavigationDemo" name="testMobileLinkNavigation" time="15.541"/>
  <system-out/>
  <testcase classname="com.ecom.webapp.AmazonNavigationDemo" name="testFashion" time="15.764"/>
  <system-out/>
</testsuite> <!-- com.ecom.webapp.AmazonNavigationDemo -->
