<?xml version="1.0" encoding="UTF-8"?>
<!-- Generated by org.testng.reporters.JUnitReportReporter -->
<testsuite hostname="LAPTOP-NE55887S" failures="0" tests="3" name="com.ecom.webapp.AmazonProductSearch" time="54.728" errors="0" timestamp="2021-05-25T22:46:16 IST" skipped="0">
  <testcase classname="com.ecom.webapp.AmazonProductSearch" name="testForSearchProduct1" time="19.311"/>
  <system-out/>
  <testcase classname="com.ecom.webapp.AmazonProductSearch" name="testForSearchProduct2" time="18.143"/>
  <system-out/>
  <testcase classname="com.ecom.webapp.AmazonProductSearch" name="testForSearchProduct3" time="17.274"/>
  <system-out/>
</testsuite> <!-- com.ecom.webapp.AmazonProductSearch -->
