<?xml version="1.0" encoding="UTF-8"?>
<!-- Generated by org.testng.reporters.JUnitReportReporter -->
<testsuite hostname="LAPTOP-NE55887S" failures="0" tests="3" name="com.ecom.webapp.SoftAssertWithSimplilearnLogIn" time="14.818" errors="0" timestamp="2021-05-28T23:09:52 IST" skipped="0">
  <testcase classname="com.ecom.webapp.SoftAssertWithSimplilearnLogIn" name="launchChromeTest" time="10.891"/>
  <system-out/>
  <testcase classname="com.ecom.webapp.SoftAssertWithSimplilearnLogIn" name="testSimplilearnLogin" time="3.915"/>
  <system-out/>
  <testcase classname="com.ecom.webapp.SoftAssertWithSimplilearnLogIn" name="testSimplilearnHomePageTitle" time="0.012"/>
  <system-out/>
</testsuite> <!-- com.ecom.webapp.SoftAssertWithSimplilearnLogIn -->
