<?xml version="1.0" encoding="UTF-8"?>
<!-- Generated by org.testng.reporters.JUnitReportReporter -->
<testsuite hostname="LAPTOP-NE55887S" failures="0" tests="2" name="com.ecom.webapp.AmazonHomePage" time="17.496" errors="0" timestamp="2021-05-25T19:56:56 IST" skipped="0">
  <testcase classname="com.ecom.webapp.AmazonHomePage" name="testUrl" time="9.184"/>
  <system-out/>
  <testcase classname="com.ecom.webapp.AmazonHomePage" name="homePageTitleVerification" time="8.312"/>
  <system-out/>
</testsuite> <!-- com.ecom.webapp.AmazonHomePage -->
