<?xml version="1.0" encoding="UTF-8"?>
<!-- Generated by org.testng.reporters.JUnitReportReporter -->
<testsuite hostname="LAPTOP-NE55887S" failures="0" tests="3" name="com.ecom.webapp.TestNgStandardAnnotationsTest" time="0.015" errors="0" timestamp="2021-05-24T23:14:58 IST" skipped="0">
  <testcase classname="com.ecom.webapp.TestNgStandardAnnotationsTest" name="testOne" time="0.007"/>
  <system-out/>
  <testcase classname="com.ecom.webapp.TestNgStandardAnnotationsTest" name="testThree" time="0.004"/>
  <system-out/>
  <testcase classname="com.ecom.webapp.TestNgStandardAnnotationsTest" name="testTwo" time="0.004"/>
  <system-out/>
</testsuite> <!-- com.ecom.webapp.TestNgStandardAnnotationsTest -->
